mode: set
smile/debugger.go:17.13,20.2 1 1
smile/debugger.go:24.39,26.2 1 1
smile/debugger.go:29.48,37.2 7 1
smile/debugger.go:40.32,42.2 1 0
smile/engines.go:38.60,41.11 3 1
smile/engines.go:62.2,62.10 1 1
smile/engines.go:41.11,42.22 1 1
smile/engines.go:42.22,44.24 2 1
smile/engines.go:50.4,51.18 2 1
smile/engines.go:55.4,55.25 1 1
smile/engines.go:44.24,46.5 1 0
smile/engines.go:46.10,48.5 1 1
smile/engines.go:51.18,52.15 1 0
smile/engines.go:55.25,56.45 1 0
smile/engines.go:58.9,60.4 1 0
smile/engines.go:67.50,79.2 3 1
smile/engines.go:84.47,88.18 3 1
smile/engines.go:108.2,108.16 1 1
smile/engines.go:129.2,130.13 2 1
smile/engines.go:88.18,92.33 2 1
smile/engines.go:96.3,96.21 1 1
smile/engines.go:99.3,103.34 3 1
smile/engines.go:92.33,94.4 1 0
smile/engines.go:96.21,98.4 1 0
smile/engines.go:103.34,106.4 2 1
smile/engines.go:108.16,109.17 1 1
smile/engines.go:121.3,121.16 1 1
smile/engines.go:125.3,125.40 1 1
smile/engines.go:109.17,111.57 2 1
smile/engines.go:116.4,117.18 2 1
smile/engines.go:111.57,113.5 1 0
smile/engines.go:113.10,115.5 1 1
smile/engines.go:117.18,119.5 1 1
smile/engines.go:121.16,123.4 1 1
smile/engines.go:125.40,127.4 1 0
smile/engines.go:133.53,137.2 2 1
smile/engines.go:141.42,145.2 3 1
smile/engines.go:148.38,150.2 1 1
smile/recover.go:17.13,20.2 1 1
smile/recover.go:24.48,25.30 1 1
smile/recover.go:28.2,28.11 1 1
smile/recover.go:25.30,27.3 1 1
smile/recover.go:32.60,36.2 3 1
smile/recover.go:39.32,41.2 1 0
smile/response_writer.go:43.59,48.2 4 1
smile/response_writer.go:53.48,56.2 2 0
smile/response_writer.go:59.41,61.2 1 1
smile/response_writer.go:64.39,66.2 1 1
smile/response_writer.go:69.48,70.34 1 1
smile/response_writer.go:70.34,72.3 1 1
smile/response_writer.go:76.43,78.2 1 1
smile/response_writer.go:83.46,84.20 1 1
smile/response_writer.go:84.20,87.3 2 1
smile/response_writer.go:91.36,93.2 1 1
smile/response_writer.go:99.64,101.10 2 1
smile/response_writer.go:106.2,107.8 2 1
smile/response_writer.go:101.10,103.3 1 0
smile/response_writer.go:103.8,105.3 1 1
smile/response_writer.go:112.33,115.2 2 1
smile/response_writer.go:118.70,122.2 3 1
smile/response_writer.go:125.72,128.2 1 0
smile/response_writer.go:131.34,133.2 1 1
smile/response_writer.go:136.52,138.2 1 0
smile/router.go:62.44,78.2 14 1
smile/router.go:81.83,82.29 1 1
smile/router.go:83.14,84.48 1 1
smile/router.go:85.19,86.63 1 1
smile/router.go:91.76,94.16 3 1
smile/router.go:108.2,108.28 1 1
smile/router.go:95.17,96.25 1 1
smile/router.go:97.18,98.26 1 1
smile/router.go:99.16,100.24 1 1
smile/router.go:101.17,102.25 1 0
smile/router.go:103.20,104.28 1 0
smile/router.go:105.10,106.14 1 0
smile/router.go:108.28,110.3 1 1
smile/router.go:114.64,116.2 1 1
smile/router.go:119.65,121.2 1 1
smile/router.go:124.63,126.2 1 1
smile/router.go:129.64,131.2 1 0
smile/router.go:134.64,136.2 1 0
smile/router.go:139.76,140.16 1 1
smile/router.go:163.2,163.88 1 1
smile/router.go:141.17,142.34 1 1
smile/router.go:145.18,146.35 1 1
smile/router.go:149.16,150.33 1 1
smile/router.go:153.17,154.34 1 1
smile/router.go:157.20,158.37 1 0
smile/router.go:161.10,161.10 0 0
smile/router.go:142.34,144.4 1 1
smile/router.go:146.35,148.4 1 1
smile/router.go:150.33,152.4 1 1
smile/router.go:154.34,156.4 1 0
smile/router.go:158.37,160.4 1 0
smile/router.go:167.34,179.2 11 1
smile/router.go:182.79,186.15 3 1
smile/router.go:191.2,194.25 4 1
smile/router.go:186.15,189.3 2 1
smile/router.go:194.25,198.54 4 1
smile/router.go:198.54,201.18 3 1
smile/router.go:215.4,215.11 1 1
smile/router.go:202.19,203.24 1 1
smile/router.go:204.20,205.25 1 1
smile/router.go:206.18,207.23 1 1
smile/router.go:208.19,209.24 1 0
smile/router.go:210.22,211.24 1 0
smile/router.go:212.12,213.16 1 0
smile/router.go:215.11,217.5 1 1
smile/router.go:225.70,229.15 3 1
smile/router.go:234.2,239.25 6 1
smile/router.go:229.15,232.3 2 1
smile/router.go:239.25,243.27 4 1
smile/router.go:253.3,253.54 1 1
smile/router.go:243.27,246.31 2 1
smile/router.go:246.31,249.5 2 0
smile/router.go:249.10,251.5 1 1
smile/router.go:253.54,258.18 4 1
smile/router.go:272.4,272.11 1 1
smile/router.go:259.19,260.24 1 1
smile/router.go:261.20,262.25 1 1
smile/router.go:263.18,264.23 1 1
smile/router.go:265.19,266.24 1 0
smile/router.go:267.22,268.24 1 0
smile/router.go:269.12,270.16 1 0
smile/router.go:272.11,274.5 1 1
smile/router.go:280.42,282.2 1 1
smile/router.go:285.47,287.2 1 1
smile/router.go:290.63,291.34 1 1
smile/router.go:297.2,297.34 1 1
smile/router.go:291.34,293.69 2 1
smile/router.go:293.69,295.4 1 1
smile/router.go:301.75,304.2 1 1
smile/router.go:307.74,311.37 4 1
smile/router.go:318.2,319.31 2 1
smile/router.go:327.2,327.11 1 1
smile/router.go:311.37,312.36 1 1
smile/router.go:312.36,315.4 2 1
smile/router.go:319.31,326.3 2 1
smile/router.go:330.36,331.37 1 1
smile/router.go:331.37,337.3 5 0
smile/router.go:341.51,343.2 1 1
smile/router.go:346.53,348.2 1 1
smile/utils.go:12.40,15.2 1 1
smile/utils.go:18.35,20.2 1 1
smile/utils.go:22.70,23.26 1 1
smile/utils.go:29.2,29.31 1 1
smile/utils.go:35.2,35.58 1 1
smile/utils.go:23.26,25.34 2 1
smile/utils.go:25.34,27.4 1 1
smile/utils.go:29.31,31.38 2 1
smile/utils.go:31.38,33.4 1 1
smile/utils.go:35.58,37.3 1 1
smile/Context.go:22.45,24.2 1 1
smile/Context.go:26.59,28.14 1 1
smile/Context.go:34.2,36.38 2 1
smile/Context.go:50.2,50.8 1 1
smile/Context.go:28.14,29.40 1 1
smile/Context.go:29.40,31.4 1 1
smile/Context.go:36.38,37.50 1 1
smile/Context.go:37.50,39.19 2 1
smile/Context.go:47.4,47.10 1 1
smile/Context.go:39.19,41.19 2 1
smile/Context.go:41.19,43.6 1 1
smile/Context.go:44.9,46.5 1 1
smile/Context.go:53.33,56.2 2 1
smile/Context.go:57.41,59.2 1 1
smile/Context.go:61.33,63.2 1 1
smile/Context.go:65.38,71.2 1 1
smile/Context.go:95.86,102.90 3 1
smile/Context.go:112.2,113.24 2 1
smile/Context.go:119.2,124.11 4 1
smile/Context.go:102.90,111.3 4 0
smile/Context.go:113.24,115.3 1 0
smile/Context.go:115.8,117.3 1 1
smile/Context.go:128.39,130.2 1 1
smile/Context.go:133.40,135.2 1 1
smile/Context.go:138.42,140.2 1 1
smile/Context.go:143.47,145.2 1 1
smile/Context.go:148.45,150.2 1 1
smile/Context.go:153.42,155.2 1 1
smile/Context.go:158.41,160.2 1 1
smile/Context.go:163.40,165.2 1 1
smile/Context.go:169.47,171.2 1 1
smile/Context.go:175.44,178.59 2 1
smile/Context.go:181.2,182.20 2 1
smile/Context.go:186.2,187.20 2 1
smile/Context.go:191.2,191.70 1 1
smile/Context.go:195.2,195.90 1 1
smile/Context.go:199.2,199.11 1 0
smile/Context.go:178.59,180.3 1 0
smile/Context.go:182.20,184.3 1 0
smile/Context.go:187.20,189.3 1 0
smile/Context.go:191.70,193.3 1 0
smile/Context.go:195.90,197.3 1 1
smile/Context.go:203.43,205.16 2 1
smile/Context.go:208.2,208.21 1 1
smile/Context.go:205.16,207.3 1 0
smile/Context.go:212.56,214.2 1 1
smile/Context.go:217.55,219.2 1 1
smile/Context.go:222.66,223.36 1 1
smile/Context.go:226.2,226.43 1 0
smile/Context.go:223.36,225.3 1 1
smile/Context.go:230.80,231.36 1 1
smile/Context.go:234.2,234.42 1 0
smile/Context.go:231.36,233.3 1 1
smile/Context.go:238.94,240.2 1 0
smile/Context.go:243.67,245.2 1 1
smile/Context.go:248.54,250.2 1 1
smile/Context.go:253.52,255.2 1 1
smile/Context.go:258.31,260.45 1 1
smile/Context.go:260.45,261.70 1 0
smile/Context.go:261.70,263.4 1 0
smile/Context.go:268.44,272.2 3 0
smile/Context.go:275.36,276.32 1 1
smile/Context.go:279.2,279.45 1 0
smile/Context.go:276.32,278.3 1 1
smile/Context.go:282.36,285.2 2 1
smile/initilization.go:12.13,14.2 1 1
smile/initilization.go:23.31,25.2 1 1
smile/initilization.go:28.21,29.15 1 1
smile/initilization.go:32.2,32.23 1 1
smile/initilization.go:37.2,37.18 1 1
smile/initilization.go:29.15,30.39 1 0
smile/initilization.go:32.23,34.3 1 1
smile/initilization.go:34.8,36.3 1 1
smile/initilization.go:41.20,43.40 2 1
smile/initilization.go:50.2,50.11 1 1
smile/initilization.go:43.40,45.23 2 1
smile/initilization.go:45.23,48.4 2 1
smile/initilization.go:54.17,55.40 1 1
smile/initilization.go:55.40,57.3 1 1
smile/initilization.go:61.26,63.2 1 1
smile/initilization.go:66.25,68.2 1 1
smile/initilization.go:71.20,73.2 1 1
smile/logger.go:48.60,50.2 1 1
smile/logger.go:53.27,55.2 1 1
smile/logger.go:58.28,60.2 1 1
smile/logger.go:64.44,74.15 8 1
smile/logger.go:80.2,83.12 3 1
smile/logger.go:74.15,78.3 3 0
smile/logger.go:89.149,99.2 2 1
smile/logger.go:102.41,103.9 1 1
smile/logger.go:104.37,105.19 1 1
smile/logger.go:106.37,107.20 1 1
smile/logger.go:108.37,109.23 1 1
smile/logger.go:110.10,111.21 1 1
smile/logger.go:117.40,118.9 1 1
smile/logger.go:119.37,120.15 1 1
smile/logger.go:121.37,122.14 1 1
smile/logger.go:123.37,124.14 1 1
smile/logger.go:125.10,126.13 1 1
smile/logger.go:132.43,133.16 1 1
smile/logger.go:134.18,135.17 1 1
smile/logger.go:136.17,137.16 1 1
smile/logger.go:138.17,139.14 1 0
smile/logger.go:140.20,141.13 1 0
smile/logger.go:142.10,143.15 1 1
smile/mode.go:17.17,19.2 1 1
smile/mode.go:22.22,24.2 1 1
smile/mode.go:27.19,29.2 1 1
smile/mode.go:32.20,34.2 1 1
smile/mode.go:41.14,43.2 1 1
smile/mode.go:46.15,48.2 1 1
smile/smile.go:23.24,30.2 1 1
smile/smile.go:33.42,35.21 2 1
smile/smile.go:38.2,38.10 1 1
smile/smile.go:35.21,37.3 1 0
smile/smile.go:42.68,57.34 6 1
smile/smile.go:60.2,62.16 2 1
smile/smile.go:57.34,59.3 1 1
smile/smile.go:62.16,65.3 1 1
smile/smile.go:70.38,72.2 1 1
smile/smile.go:75.47,77.2 1 1
smile/smile.go:80.27,82.2 1 1
smile/smile.go:85.28,87.2 1 1
smile/smile.go:89.31,90.21 1 1
smile/smile.go:93.2,93.44 1 1
smile/smile.go:90.21,92.3 1 0
smile/smile.go:97.47,104.16 4 1
smile/smile.go:107.2,107.8 1 0
smile/smile.go:104.16,106.3 1 0
smile/smile.go:111.61,118.16 4 1
smile/smile.go:121.2,121.8 1 0
smile/smile.go:118.16,120.3 1 0
smile/smile.go:125.38,127.2 1 1
