mode: set
/Users/kasiss/workspace/golang/src/github.com/kasiss-liu/smile/combination.go:33.86,40.90 3 1
/Users/kasiss/workspace/golang/src/github.com/kasiss-liu/smile/combination.go:50.2,51.24 2 1
/Users/kasiss/workspace/golang/src/github.com/kasiss-liu/smile/combination.go:57.2,59.32 3 1
/Users/kasiss/workspace/golang/src/github.com/kasiss-liu/smile/combination.go:40.90,49.3 4 0
/Users/kasiss/workspace/golang/src/github.com/kasiss-liu/smile/combination.go:51.24,53.3 1 0
/Users/kasiss/workspace/golang/src/github.com/kasiss-liu/smile/combination.go:53.8,55.3 1 1
/Users/kasiss/workspace/golang/src/github.com/kasiss-liu/smile/combination.go:63.39,65.2 1 1
/Users/kasiss/workspace/golang/src/github.com/kasiss-liu/smile/combination.go:68.40,70.2 1 1
/Users/kasiss/workspace/golang/src/github.com/kasiss-liu/smile/combination.go:73.42,75.2 1 1
/Users/kasiss/workspace/golang/src/github.com/kasiss-liu/smile/combination.go:78.47,80.2 1 1
/Users/kasiss/workspace/golang/src/github.com/kasiss-liu/smile/combination.go:83.45,85.2 1 1
/Users/kasiss/workspace/golang/src/github.com/kasiss-liu/smile/combination.go:88.42,90.2 1 1
/Users/kasiss/workspace/golang/src/github.com/kasiss-liu/smile/combination.go:93.41,95.2 1 1
/Users/kasiss/workspace/golang/src/github.com/kasiss-liu/smile/combination.go:98.40,100.2 1 1
/Users/kasiss/workspace/golang/src/github.com/kasiss-liu/smile/combination.go:104.47,106.2 1 1
/Users/kasiss/workspace/golang/src/github.com/kasiss-liu/smile/combination.go:110.44,113.59 2 1
/Users/kasiss/workspace/golang/src/github.com/kasiss-liu/smile/combination.go:116.2,117.20 2 1
/Users/kasiss/workspace/golang/src/github.com/kasiss-liu/smile/combination.go:121.2,122.20 2 1
/Users/kasiss/workspace/golang/src/github.com/kasiss-liu/smile/combination.go:126.2,126.70 1 1
/Users/kasiss/workspace/golang/src/github.com/kasiss-liu/smile/combination.go:130.2,130.90 1 1
/Users/kasiss/workspace/golang/src/github.com/kasiss-liu/smile/combination.go:134.2,134.11 1 0
/Users/kasiss/workspace/golang/src/github.com/kasiss-liu/smile/combination.go:113.59,115.3 1 0
/Users/kasiss/workspace/golang/src/github.com/kasiss-liu/smile/combination.go:117.20,119.3 1 0
/Users/kasiss/workspace/golang/src/github.com/kasiss-liu/smile/combination.go:122.20,124.3 1 0
/Users/kasiss/workspace/golang/src/github.com/kasiss-liu/smile/combination.go:126.70,128.3 1 0
/Users/kasiss/workspace/golang/src/github.com/kasiss-liu/smile/combination.go:130.90,132.3 1 1
/Users/kasiss/workspace/golang/src/github.com/kasiss-liu/smile/combination.go:138.43,140.16 2 1
/Users/kasiss/workspace/golang/src/github.com/kasiss-liu/smile/combination.go:143.2,143.21 1 1
/Users/kasiss/workspace/golang/src/github.com/kasiss-liu/smile/combination.go:140.16,142.3 1 0
/Users/kasiss/workspace/golang/src/github.com/kasiss-liu/smile/combination.go:147.56,149.2 1 1
/Users/kasiss/workspace/golang/src/github.com/kasiss-liu/smile/combination.go:152.55,154.2 1 1
/Users/kasiss/workspace/golang/src/github.com/kasiss-liu/smile/combination.go:157.66,158.36 1 1
/Users/kasiss/workspace/golang/src/github.com/kasiss-liu/smile/combination.go:161.2,161.43 1 0
/Users/kasiss/workspace/golang/src/github.com/kasiss-liu/smile/combination.go:158.36,160.3 1 1
/Users/kasiss/workspace/golang/src/github.com/kasiss-liu/smile/combination.go:165.80,166.36 1 1
/Users/kasiss/workspace/golang/src/github.com/kasiss-liu/smile/combination.go:169.2,169.42 1 0
/Users/kasiss/workspace/golang/src/github.com/kasiss-liu/smile/combination.go:166.36,168.3 1 1
/Users/kasiss/workspace/golang/src/github.com/kasiss-liu/smile/combination.go:173.94,175.2 1 0
/Users/kasiss/workspace/golang/src/github.com/kasiss-liu/smile/combination.go:178.67,180.2 1 1
/Users/kasiss/workspace/golang/src/github.com/kasiss-liu/smile/combination.go:183.54,185.2 1 1
/Users/kasiss/workspace/golang/src/github.com/kasiss-liu/smile/combination.go:188.52,190.2 1 1
/Users/kasiss/workspace/golang/src/github.com/kasiss-liu/smile/combination.go:193.31,195.45 1 1
/Users/kasiss/workspace/golang/src/github.com/kasiss-liu/smile/combination.go:195.45,196.70 1 0
/Users/kasiss/workspace/golang/src/github.com/kasiss-liu/smile/combination.go:196.70,198.4 1 0
/Users/kasiss/workspace/golang/src/github.com/kasiss-liu/smile/combination.go:203.44,207.2 3 0
/Users/kasiss/workspace/golang/src/github.com/kasiss-liu/smile/debugger.go:13.13,16.2 1 1
/Users/kasiss/workspace/golang/src/github.com/kasiss-liu/smile/debugger.go:20.39,22.2 1 1
/Users/kasiss/workspace/golang/src/github.com/kasiss-liu/smile/debugger.go:25.47,26.23 1 1
/Users/kasiss/workspace/golang/src/github.com/kasiss-liu/smile/debugger.go:26.23,28.3 1 1
/Users/kasiss/workspace/golang/src/github.com/kasiss-liu/smile/debugger.go:32.32,34.2 1 0
/Users/kasiss/workspace/golang/src/github.com/kasiss-liu/smile/initilization.go:12.13,14.2 1 1
/Users/kasiss/workspace/golang/src/github.com/kasiss-liu/smile/initilization.go:23.31,25.2 1 1
/Users/kasiss/workspace/golang/src/github.com/kasiss-liu/smile/initilization.go:28.21,29.15 1 1
/Users/kasiss/workspace/golang/src/github.com/kasiss-liu/smile/initilization.go:32.2,32.23 1 1
/Users/kasiss/workspace/golang/src/github.com/kasiss-liu/smile/initilization.go:37.2,37.18 1 1
/Users/kasiss/workspace/golang/src/github.com/kasiss-liu/smile/initilization.go:29.15,30.39 1 0
/Users/kasiss/workspace/golang/src/github.com/kasiss-liu/smile/initilization.go:32.23,34.3 1 1
/Users/kasiss/workspace/golang/src/github.com/kasiss-liu/smile/initilization.go:34.8,36.3 1 1
/Users/kasiss/workspace/golang/src/github.com/kasiss-liu/smile/initilization.go:41.20,43.40 2 1
/Users/kasiss/workspace/golang/src/github.com/kasiss-liu/smile/initilization.go:50.2,50.11 1 1
/Users/kasiss/workspace/golang/src/github.com/kasiss-liu/smile/initilization.go:43.40,45.23 2 1
/Users/kasiss/workspace/golang/src/github.com/kasiss-liu/smile/initilization.go:45.23,48.4 2 1
/Users/kasiss/workspace/golang/src/github.com/kasiss-liu/smile/initilization.go:54.17,55.40 1 1
/Users/kasiss/workspace/golang/src/github.com/kasiss-liu/smile/initilization.go:55.40,57.3 1 1
/Users/kasiss/workspace/golang/src/github.com/kasiss-liu/smile/initilization.go:61.26,63.2 1 1
/Users/kasiss/workspace/golang/src/github.com/kasiss-liu/smile/initilization.go:66.25,68.2 1 1
/Users/kasiss/workspace/golang/src/github.com/kasiss-liu/smile/initilization.go:71.20,73.2 1 1
/Users/kasiss/workspace/golang/src/github.com/kasiss-liu/smile/logger.go:48.47,50.2 1 1
/Users/kasiss/workspace/golang/src/github.com/kasiss-liu/smile/logger.go:53.27,55.2 1 0
/Users/kasiss/workspace/golang/src/github.com/kasiss-liu/smile/logger.go:58.28,60.2 1 0
/Users/kasiss/workspace/golang/src/github.com/kasiss-liu/smile/logger.go:64.38,74.15 8 1
/Users/kasiss/workspace/golang/src/github.com/kasiss-liu/smile/logger.go:80.2,82.22 2 1
/Users/kasiss/workspace/golang/src/github.com/kasiss-liu/smile/logger.go:74.15,78.3 3 0
/Users/kasiss/workspace/golang/src/github.com/kasiss-liu/smile/logger.go:88.149,98.2 2 1
/Users/kasiss/workspace/golang/src/github.com/kasiss-liu/smile/logger.go:101.41,102.9 1 1
/Users/kasiss/workspace/golang/src/github.com/kasiss-liu/smile/logger.go:103.37,104.19 1 1
/Users/kasiss/workspace/golang/src/github.com/kasiss-liu/smile/logger.go:105.37,106.20 1 1
/Users/kasiss/workspace/golang/src/github.com/kasiss-liu/smile/logger.go:107.37,108.23 1 1
/Users/kasiss/workspace/golang/src/github.com/kasiss-liu/smile/logger.go:109.10,110.21 1 1
/Users/kasiss/workspace/golang/src/github.com/kasiss-liu/smile/logger.go:116.40,117.9 1 1
/Users/kasiss/workspace/golang/src/github.com/kasiss-liu/smile/logger.go:118.37,119.15 1 1
/Users/kasiss/workspace/golang/src/github.com/kasiss-liu/smile/logger.go:120.37,121.14 1 1
/Users/kasiss/workspace/golang/src/github.com/kasiss-liu/smile/logger.go:122.37,123.14 1 1
/Users/kasiss/workspace/golang/src/github.com/kasiss-liu/smile/logger.go:124.10,125.13 1 1
/Users/kasiss/workspace/golang/src/github.com/kasiss-liu/smile/logger.go:131.43,132.16 1 1
/Users/kasiss/workspace/golang/src/github.com/kasiss-liu/smile/logger.go:133.18,134.17 1 1
/Users/kasiss/workspace/golang/src/github.com/kasiss-liu/smile/logger.go:135.17,136.16 1 1
/Users/kasiss/workspace/golang/src/github.com/kasiss-liu/smile/logger.go:137.17,138.14 1 1
/Users/kasiss/workspace/golang/src/github.com/kasiss-liu/smile/logger.go:139.20,140.13 1 0
/Users/kasiss/workspace/golang/src/github.com/kasiss-liu/smile/logger.go:141.10,142.15 1 1
/Users/kasiss/workspace/golang/src/github.com/kasiss-liu/smile/response_writer.go:43.59,48.2 4 1
/Users/kasiss/workspace/golang/src/github.com/kasiss-liu/smile/response_writer.go:53.48,56.2 2 0
/Users/kasiss/workspace/golang/src/github.com/kasiss-liu/smile/response_writer.go:59.41,61.2 1 1
/Users/kasiss/workspace/golang/src/github.com/kasiss-liu/smile/response_writer.go:64.39,66.2 1 1
/Users/kasiss/workspace/golang/src/github.com/kasiss-liu/smile/response_writer.go:69.48,70.34 1 1
/Users/kasiss/workspace/golang/src/github.com/kasiss-liu/smile/response_writer.go:70.34,72.3 1 1
/Users/kasiss/workspace/golang/src/github.com/kasiss-liu/smile/response_writer.go:76.43,78.2 1 1
/Users/kasiss/workspace/golang/src/github.com/kasiss-liu/smile/response_writer.go:83.46,84.20 1 1
/Users/kasiss/workspace/golang/src/github.com/kasiss-liu/smile/response_writer.go:84.20,87.3 2 1
/Users/kasiss/workspace/golang/src/github.com/kasiss-liu/smile/response_writer.go:91.36,93.2 1 1
/Users/kasiss/workspace/golang/src/github.com/kasiss-liu/smile/response_writer.go:99.64,101.10 2 1
/Users/kasiss/workspace/golang/src/github.com/kasiss-liu/smile/response_writer.go:106.2,107.8 2 1
/Users/kasiss/workspace/golang/src/github.com/kasiss-liu/smile/response_writer.go:101.10,103.3 1 0
/Users/kasiss/workspace/golang/src/github.com/kasiss-liu/smile/response_writer.go:103.8,105.3 1 1
/Users/kasiss/workspace/golang/src/github.com/kasiss-liu/smile/response_writer.go:112.33,115.2 2 1
/Users/kasiss/workspace/golang/src/github.com/kasiss-liu/smile/response_writer.go:118.70,122.2 3 1
/Users/kasiss/workspace/golang/src/github.com/kasiss-liu/smile/response_writer.go:125.72,128.2 1 0
/Users/kasiss/workspace/golang/src/github.com/kasiss-liu/smile/response_writer.go:131.34,133.2 1 0
/Users/kasiss/workspace/golang/src/github.com/kasiss-liu/smile/response_writer.go:136.52,138.2 1 0
/Users/kasiss/workspace/golang/src/github.com/kasiss-liu/smile/router.go:47.76,49.16 2 1
/Users/kasiss/workspace/golang/src/github.com/kasiss-liu/smile/router.go:50.17,51.25 1 1
/Users/kasiss/workspace/golang/src/github.com/kasiss-liu/smile/router.go:52.18,53.26 1 1
/Users/kasiss/workspace/golang/src/github.com/kasiss-liu/smile/router.go:54.16,55.24 1 1
/Users/kasiss/workspace/golang/src/github.com/kasiss-liu/smile/router.go:56.17,57.25 1 0
/Users/kasiss/workspace/golang/src/github.com/kasiss-liu/smile/router.go:58.20,59.28 1 0
/Users/kasiss/workspace/golang/src/github.com/kasiss-liu/smile/router.go:60.10,60.10 0 0
/Users/kasiss/workspace/golang/src/github.com/kasiss-liu/smile/router.go:65.64,67.2 1 1
/Users/kasiss/workspace/golang/src/github.com/kasiss-liu/smile/router.go:70.65,72.2 1 1
/Users/kasiss/workspace/golang/src/github.com/kasiss-liu/smile/router.go:75.63,77.2 1 1
/Users/kasiss/workspace/golang/src/github.com/kasiss-liu/smile/router.go:80.64,82.2 1 0
/Users/kasiss/workspace/golang/src/github.com/kasiss-liu/smile/router.go:85.64,87.2 1 0
/Users/kasiss/workspace/golang/src/github.com/kasiss-liu/smile/router.go:90.76,91.16 1 1
/Users/kasiss/workspace/golang/src/github.com/kasiss-liu/smile/router.go:114.2,114.88 1 1
/Users/kasiss/workspace/golang/src/github.com/kasiss-liu/smile/router.go:92.17,93.34 1 1
/Users/kasiss/workspace/golang/src/github.com/kasiss-liu/smile/router.go:96.18,97.35 1 1
/Users/kasiss/workspace/golang/src/github.com/kasiss-liu/smile/router.go:100.16,101.33 1 1
/Users/kasiss/workspace/golang/src/github.com/kasiss-liu/smile/router.go:104.17,105.34 1 1
/Users/kasiss/workspace/golang/src/github.com/kasiss-liu/smile/router.go:108.20,109.37 1 0
/Users/kasiss/workspace/golang/src/github.com/kasiss-liu/smile/router.go:112.10,112.10 0 0
/Users/kasiss/workspace/golang/src/github.com/kasiss-liu/smile/router.go:93.34,95.4 1 1
/Users/kasiss/workspace/golang/src/github.com/kasiss-liu/smile/router.go:97.35,99.4 1 1
/Users/kasiss/workspace/golang/src/github.com/kasiss-liu/smile/router.go:101.33,103.4 1 1
/Users/kasiss/workspace/golang/src/github.com/kasiss-liu/smile/router.go:105.34,107.4 1 0
/Users/kasiss/workspace/golang/src/github.com/kasiss-liu/smile/router.go:109.37,111.4 1 0
/Users/kasiss/workspace/golang/src/github.com/kasiss-liu/smile/router.go:118.34,127.2 8 1
/Users/kasiss/workspace/golang/src/github.com/kasiss-liu/smile/router.go:130.79,134.25 4 1
/Users/kasiss/workspace/golang/src/github.com/kasiss-liu/smile/router.go:134.25,137.54 3 1
/Users/kasiss/workspace/golang/src/github.com/kasiss-liu/smile/router.go:137.54,140.18 3 1
/Users/kasiss/workspace/golang/src/github.com/kasiss-liu/smile/router.go:141.19,142.24 1 1
/Users/kasiss/workspace/golang/src/github.com/kasiss-liu/smile/router.go:143.20,144.25 1 1
/Users/kasiss/workspace/golang/src/github.com/kasiss-liu/smile/router.go:145.18,146.23 1 1
/Users/kasiss/workspace/golang/src/github.com/kasiss-liu/smile/router.go:147.19,148.24 1 0
/Users/kasiss/workspace/golang/src/github.com/kasiss-liu/smile/router.go:149.22,150.24 1 0
/Users/kasiss/workspace/golang/src/github.com/kasiss-liu/smile/router.go:151.12,151.12 0 0
/Users/kasiss/workspace/golang/src/github.com/kasiss-liu/smile/router.go:160.70,166.25 6 1
/Users/kasiss/workspace/golang/src/github.com/kasiss-liu/smile/router.go:166.25,170.27 4 1
/Users/kasiss/workspace/golang/src/github.com/kasiss-liu/smile/router.go:180.3,180.54 1 1
/Users/kasiss/workspace/golang/src/github.com/kasiss-liu/smile/router.go:170.27,173.31 2 1
/Users/kasiss/workspace/golang/src/github.com/kasiss-liu/smile/router.go:173.31,176.5 2 0
/Users/kasiss/workspace/golang/src/github.com/kasiss-liu/smile/router.go:176.10,178.5 1 1
/Users/kasiss/workspace/golang/src/github.com/kasiss-liu/smile/router.go:180.54,184.18 3 1
/Users/kasiss/workspace/golang/src/github.com/kasiss-liu/smile/router.go:185.19,186.24 1 1
/Users/kasiss/workspace/golang/src/github.com/kasiss-liu/smile/router.go:187.20,188.25 1 1
/Users/kasiss/workspace/golang/src/github.com/kasiss-liu/smile/router.go:189.18,190.23 1 1
/Users/kasiss/workspace/golang/src/github.com/kasiss-liu/smile/router.go:191.19,192.24 1 0
/Users/kasiss/workspace/golang/src/github.com/kasiss-liu/smile/router.go:193.22,194.24 1 0
/Users/kasiss/workspace/golang/src/github.com/kasiss-liu/smile/router.go:195.12,195.12 0 0
/Users/kasiss/workspace/golang/src/github.com/kasiss-liu/smile/router.go:202.42,204.2 1 1
/Users/kasiss/workspace/golang/src/github.com/kasiss-liu/smile/router.go:207.47,209.2 1 1
/Users/kasiss/workspace/golang/src/github.com/kasiss-liu/smile/router.go:212.63,213.34 1 1
/Users/kasiss/workspace/golang/src/github.com/kasiss-liu/smile/router.go:219.2,219.34 1 1
/Users/kasiss/workspace/golang/src/github.com/kasiss-liu/smile/router.go:213.34,215.69 2 1
/Users/kasiss/workspace/golang/src/github.com/kasiss-liu/smile/router.go:215.69,217.4 1 1
/Users/kasiss/workspace/golang/src/github.com/kasiss-liu/smile/smile.go:28.24,36.2 1 1
/Users/kasiss/workspace/golang/src/github.com/kasiss-liu/smile/smile.go:39.40,43.16 3 1
/Users/kasiss/workspace/golang/src/github.com/kasiss-liu/smile/smile.go:47.2,47.23 1 1
/Users/kasiss/workspace/golang/src/github.com/kasiss-liu/smile/smile.go:50.2,51.10 2 1
/Users/kasiss/workspace/golang/src/github.com/kasiss-liu/smile/smile.go:43.16,44.13 1 0
/Users/kasiss/workspace/golang/src/github.com/kasiss-liu/smile/smile.go:47.23,48.41 1 0
/Users/kasiss/workspace/golang/src/github.com/kasiss-liu/smile/smile.go:55.68,65.19 4 1
/Users/kasiss/workspace/golang/src/github.com/kasiss-liu/smile/smile.go:71.2,71.67 1 1
/Users/kasiss/workspace/golang/src/github.com/kasiss-liu/smile/smile.go:80.2,82.19 2 1
/Users/kasiss/workspace/golang/src/github.com/kasiss-liu/smile/smile.go:96.2,96.16 1 1
/Users/kasiss/workspace/golang/src/github.com/kasiss-liu/smile/smile.go:102.2,102.67 1 1
/Users/kasiss/workspace/golang/src/github.com/kasiss-liu/smile/smile.go:113.2,113.34 1 1
/Users/kasiss/workspace/golang/src/github.com/kasiss-liu/smile/smile.go:116.2,116.17 1 1
/Users/kasiss/workspace/golang/src/github.com/kasiss-liu/smile/smile.go:65.19,67.3 1 0
/Users/kasiss/workspace/golang/src/github.com/kasiss-liu/smile/smile.go:71.67,78.3 1 1
/Users/kasiss/workspace/golang/src/github.com/kasiss-liu/smile/smile.go:82.19,86.3 1 0
/Users/kasiss/workspace/golang/src/github.com/kasiss-liu/smile/smile.go:86.8,89.49 1 1
/Users/kasiss/workspace/golang/src/github.com/kasiss-liu/smile/smile.go:92.3,93.17 2 1
/Users/kasiss/workspace/golang/src/github.com/kasiss-liu/smile/smile.go:89.49,91.4 1 0
/Users/kasiss/workspace/golang/src/github.com/kasiss-liu/smile/smile.go:96.16,99.3 1 0
/Users/kasiss/workspace/golang/src/github.com/kasiss-liu/smile/smile.go:102.67,109.3 1 1
/Users/kasiss/workspace/golang/src/github.com/kasiss-liu/smile/smile.go:113.34,115.3 1 1
/Users/kasiss/workspace/golang/src/github.com/kasiss-liu/smile/smile.go:121.71,123.23 1 1
/Users/kasiss/workspace/golang/src/github.com/kasiss-liu/smile/smile.go:130.2,130.28 1 1
/Users/kasiss/workspace/golang/src/github.com/kasiss-liu/smile/smile.go:137.2,137.25 1 1
/Users/kasiss/workspace/golang/src/github.com/kasiss-liu/smile/smile.go:144.2,144.12 1 1
/Users/kasiss/workspace/golang/src/github.com/kasiss-liu/smile/smile.go:123.23,125.39 2 1
/Users/kasiss/workspace/golang/src/github.com/kasiss-liu/smile/smile.go:125.39,127.4 1 0
/Users/kasiss/workspace/golang/src/github.com/kasiss-liu/smile/smile.go:130.28,132.39 2 1
/Users/kasiss/workspace/golang/src/github.com/kasiss-liu/smile/smile.go:132.39,134.4 1 0
/Users/kasiss/workspace/golang/src/github.com/kasiss-liu/smile/smile.go:137.25,139.30 2 1
/Users/kasiss/workspace/golang/src/github.com/kasiss-liu/smile/smile.go:139.30,141.4 1 0
/Users/kasiss/workspace/golang/src/github.com/kasiss-liu/smile/smile.go:148.43,150.2 1 1
/Users/kasiss/workspace/golang/src/github.com/kasiss-liu/smile/smile.go:153.38,155.2 1 1
/Users/kasiss/workspace/golang/src/github.com/kasiss-liu/smile/smile.go:158.47,160.2 1 1
/Users/kasiss/workspace/golang/src/github.com/kasiss-liu/smile/smile.go:163.27,165.2 1 1
/Users/kasiss/workspace/golang/src/github.com/kasiss-liu/smile/smile.go:168.28,170.2 1 1
/Users/kasiss/workspace/golang/src/github.com/kasiss-liu/smile/smile.go:173.45,175.2 1 0
/Users/kasiss/workspace/golang/src/github.com/kasiss-liu/smile/smile.go:178.41,179.21 1 1
/Users/kasiss/workspace/golang/src/github.com/kasiss-liu/smile/smile.go:182.2,183.16 2 1
/Users/kasiss/workspace/golang/src/github.com/kasiss-liu/smile/smile.go:186.2,186.12 1 0
/Users/kasiss/workspace/golang/src/github.com/kasiss-liu/smile/smile.go:179.21,181.3 1 0
/Users/kasiss/workspace/golang/src/github.com/kasiss-liu/smile/smile.go:183.16,185.3 1 0
/Users/kasiss/workspace/golang/src/github.com/kasiss-liu/smile/smile.go:190.55,191.21 1 1
/Users/kasiss/workspace/golang/src/github.com/kasiss-liu/smile/smile.go:194.2,195.16 2 1
/Users/kasiss/workspace/golang/src/github.com/kasiss-liu/smile/smile.go:198.2,198.12 1 1
/Users/kasiss/workspace/golang/src/github.com/kasiss-liu/smile/smile.go:191.21,193.3 1 0
/Users/kasiss/workspace/golang/src/github.com/kasiss-liu/smile/smile.go:195.16,197.3 1 1
/Users/kasiss/workspace/golang/src/github.com/kasiss-liu/smile/smile.go:202.38,204.2 1 0
/Users/kasiss/workspace/golang/src/github.com/kasiss-liu/smile/engines.go:50.51,56.32 2 1
/Users/kasiss/workspace/golang/src/github.com/kasiss-liu/smile/engines.go:60.2,60.20 1 1
/Users/kasiss/workspace/golang/src/github.com/kasiss-liu/smile/engines.go:63.2,71.3 3 1
/Users/kasiss/workspace/golang/src/github.com/kasiss-liu/smile/engines.go:56.32,58.3 1 0
/Users/kasiss/workspace/golang/src/github.com/kasiss-liu/smile/engines.go:60.20,62.3 1 0
/Users/kasiss/workspace/golang/src/github.com/kasiss-liu/smile/engines.go:75.43,79.2 2 1
/Users/kasiss/workspace/golang/src/github.com/kasiss-liu/smile/engines.go:82.39,87.33 2 1
/Users/kasiss/workspace/golang/src/github.com/kasiss-liu/smile/engines.go:93.2,93.14 1 1
/Users/kasiss/workspace/golang/src/github.com/kasiss-liu/smile/engines.go:87.33,89.3 1 1
/Users/kasiss/workspace/golang/src/github.com/kasiss-liu/smile/engines.go:97.48,99.2 1 1
/Users/kasiss/workspace/golang/src/github.com/kasiss-liu/smile/engines.go:102.39,104.2 1 0
/Users/kasiss/workspace/golang/src/github.com/kasiss-liu/smile/engines.go:119.54,130.2 3 1
/Users/kasiss/workspace/golang/src/github.com/kasiss-liu/smile/engines.go:135.51,136.36 1 1
/Users/kasiss/workspace/golang/src/github.com/kasiss-liu/smile/engines.go:143.2,143.14 1 1
/Users/kasiss/workspace/golang/src/github.com/kasiss-liu/smile/engines.go:136.36,138.17 2 1
/Users/kasiss/workspace/golang/src/github.com/kasiss-liu/smile/engines.go:138.17,141.4 2 1
/Users/kasiss/workspace/golang/src/github.com/kasiss-liu/smile/engines.go:148.46,152.2 3 1
/Users/kasiss/workspace/golang/src/github.com/kasiss-liu/smile/engines.go:155.42,157.2 1 0
/Users/kasiss/workspace/golang/src/github.com/kasiss-liu/smile/engines.go:173.49,183.2 3 1
/Users/kasiss/workspace/golang/src/github.com/kasiss-liu/smile/engines.go:188.46,189.36 1 1
/Users/kasiss/workspace/golang/src/github.com/kasiss-liu/smile/engines.go:196.2,196.14 1 1
/Users/kasiss/workspace/golang/src/github.com/kasiss-liu/smile/engines.go:189.36,191.17 2 1
/Users/kasiss/workspace/golang/src/github.com/kasiss-liu/smile/engines.go:191.17,194.4 2 1
/Users/kasiss/workspace/golang/src/github.com/kasiss-liu/smile/engines.go:200.41,204.2 3 1
/Users/kasiss/workspace/golang/src/github.com/kasiss-liu/smile/engines.go:207.37,209.2 1 0
/Users/kasiss/workspace/golang/src/github.com/kasiss-liu/smile/mode.go:18.18,20.2 1 1
/Users/kasiss/workspace/golang/src/github.com/kasiss-liu/smile/mode.go:23.19,25.2 1 1
/Users/kasiss/workspace/golang/src/github.com/kasiss-liu/smile/mode.go:28.27,30.2 1 0
/Users/kasiss/workspace/golang/src/github.com/kasiss-liu/smile/mode.go:36.17,38.2 1 1
/Users/kasiss/workspace/golang/src/github.com/kasiss-liu/smile/mode.go:41.22,43.2 1 1
/Users/kasiss/workspace/golang/src/github.com/kasiss-liu/smile/mode.go:46.19,48.2 1 1
/Users/kasiss/workspace/golang/src/github.com/kasiss-liu/smile/mode.go:51.20,53.2 1 1
/Users/kasiss/workspace/golang/src/github.com/kasiss-liu/smile/mode.go:60.14,62.2 1 1
/Users/kasiss/workspace/golang/src/github.com/kasiss-liu/smile/mode.go:65.15,67.2 1 1
/Users/kasiss/workspace/golang/src/github.com/kasiss-liu/smile/recover.go:17.13,20.2 1 1
/Users/kasiss/workspace/golang/src/github.com/kasiss-liu/smile/recover.go:24.48,25.30 1 1
/Users/kasiss/workspace/golang/src/github.com/kasiss-liu/smile/recover.go:28.2,28.11 1 1
/Users/kasiss/workspace/golang/src/github.com/kasiss-liu/smile/recover.go:25.30,27.3 1 1
/Users/kasiss/workspace/golang/src/github.com/kasiss-liu/smile/recover.go:32.60,36.2 3 1
/Users/kasiss/workspace/golang/src/github.com/kasiss-liu/smile/recover.go:39.32,41.2 1 0
